<?xml version="1.0" encoding="UTF-8"?>
<Site BuildName="Win32-make"
	BuildStamp="20240806-1132-Experimental"
	Name="DESKTOP-391FULE"
	Generator="ctest-3.30.0-rc1"
	CompilerName=""
	CompilerVersion=""
	OSName="Windows"
	Hostname="DESKTOP-391FULE"
	OSRelease=" Personal"
	OSVersion=" (Build 22631)"
	OSPlatform="AMD64"
	Is64Bits="1"
	VendorString="AuthenticAMD"
	VendorID="Advanced Micro Devices"
	FamilyID="15"
	ModelID="5"
	ProcessorCacheSize="64"
	NumberOfLogicalCPU="16"
	NumberOfPhysicalCPU="8"
	TotalVirtualMemory="39981"
	TotalPhysicalMemory="32045"
	LogicalProcessorsPerPhysical="2"
	ProcessorClockFrequency="3992"
	>
	<Testing>
		<StartDateTime>Aug 06 13:32 Central Europe Summer Time</StartDateTime>
		<StartTestTime>1722943962</StartTestTime>
		<TestList/>
		<EndDateTime>Aug 06 13:32 Central Europe Summer Time</EndDateTime>
		<EndTestTime>1722943962</EndTestTime>
		<ElapsedMinutes>0</ElapsedMinutes>
	</Testing>
</Site>
